/home/tutu/FControl/mavros_ws/src/offboard_pkg/src/MultiBody.cpp: In member function ‘bool MultiBody::gps_mission_init(double&, geometry_msgs::Quaternion&, Eigen::Vector3d&, MultiBody::mission_type)’:
/home/tutu/FControl/mavros_ws/src/offboard_pkg/src/MultiBody.cpp:186:5: error: ‘AllGetHome’ was not declared in this scope
  186 |     AllGetHome();
      |     ^~~~~~~~~~
make[2]: *** [CMakeFiles/offboard_pkg_node.dir/build.make:89: CMakeFiles/offboard_pkg_node.dir/src/MultiBody.cpp.o] Error 1
make[2]: *** Waiting for unfinished jobs....
make[1]: *** [CMakeFiles/Makefile2:335: CMakeFiles/offboard_pkg_node.dir/all] Error 2
make: *** [Makefile:141: all] Error 2
